<?xml version="1.0" encoding="UTF-8"?>
<!-- Generated by org.testng.reporters.JUnitReportReporter -->
<testsuite hostname="LAPTOP-F9GTT2QO" failures="0" tests="1" name="youTube.NewTest" time="18.818" errors="0" timestamp="2023-01-31T07:41:39 IST" skipped="0">
  <testcase classname="youTube.NewTest" name="f" time="18.818"/>
  <system-out>
    <![CDATA[Successfully launch the youtube]]>
  </system-out>
</testsuite> <!-- youTube.NewTest -->
