<?xml version="1.0" encoding="UTF-8"?>
<!-- Generated by org.testng.reporters.JUnitReportReporter -->
<testsuite hostname="LAPTOP-F9GTT2QO" failures="0" tests="1" name="youTube.TestClass" time="20.560" errors="0" timestamp="2023-01-31T12:42:49 IST" skipped="0">
  <testcase classname="youTube.TestClass" name="f" time="20.560"/>
  <system-out>
    <![CDATA[Successfully launch the youtube]]>
  </system-out>
</testsuite> <!-- youTube.TestClass -->
