<?xml version="1.0" encoding="UTF-8"?>
<!-- Generated by org.testng.reporters.JUnitReportReporter -->
<testsuite hostname="LAPTOP-F9GTT2QO" failures="0" tests="1" name="youTube.none" time="0.015" errors="0" timestamp="2023-02-02T07:39:32 IST" skipped="0">
  <testcase classname="youTube.none" name="f" time="0.015"/>
  <system-out>
    <![CDATA[hii]]>
  </system-out>
</testsuite> <!-- youTube.none -->
